<?xml version="1.0" encoding="UTF-8" ?>
<testsuite tests="4" failures="0" name="com.Proyecto.calidad.Proyecto.TestJUnit" time="0.012" errors="0" skipped="0">
  <properties>
[...]
</properties>
  <testcase classname="com.Proyecto.calidad.Proyecto.TestJUnit" name="testPesoCoche" time="0.012"/>
  <testcase classname="com.Proyecto.calidad.Proyecto.TestJUnit" name="testCocheNull2" time="0"/>
  <testcase classname="com.Proyecto.calidad.Proyecto.TestJUnit" name="testCocheSame2" time="0"/>
  <testcase classname="com.Proyecto.calidad.Proyecto.TestJUnit" name="testPesoCoche2" time="0"/>
</testsuite>